
--- Analysis for: Turin, Piedmont, Italy ---
Executing A* with heuristic: Manhattan
Starting A* with Manhattan heuristic from node 495029555 to node 822630731
A* Manhattan terminato in 30601 iterazioni
total_cost_Astar: 607.4507339146076
Start: 495029555, End: 822630731, Cost: 607.450734, Iterations: 30601
Starting A* with Manhattan heuristic from node 9799987948 to node 4106581809
A* Manhattan terminato in 13268 iterazioni
total_cost_Astar: 568.3141093822848
Start: 9799987948, End: 4106581809, Cost: 568.314109, Iterations: 13268
Starting A* with Manhattan heuristic from node 2810831126 to node 752445435
A* Manhattan terminato in 9455 iterazioni
total_cost_Astar: 412.1282109333017
Start: 2810831126, End: 752445435, Cost: 412.128211, Iterations: 9455
Starting A* with Manhattan heuristic from node 473132378 to node 4562377734
A* Manhattan terminato in 11528 iterazioni
total_cost_Astar: 291.2200393756516
Start: 473132378, End: 4562377734, Cost: 291.220039, Iterations: 11528
Starting A* with Manhattan heuristic from node 441926176 to node 249569823
A* Manhattan terminato in 5352 iterazioni
total_cost_Astar: 134.9101566962501
Start: 441926176, End: 249569823, Cost: 134.910157, Iterations: 5352
Starting A* with Manhattan heuristic from node 1075365161 to node 973862254
A* Manhattan terminato in 9374 iterazioni
total_cost_Astar: 708.6823270807731
Start: 1075365161, End: 973862254, Cost: 708.682327, Iterations: 9374
Starting A* with Manhattan heuristic from node 457509282 to node 2645172744
A* Manhattan terminato in 3377 iterazioni
total_cost_Astar: 293.57702188245514
Start: 457509282, End: 2645172744, Cost: 293.577022, Iterations: 3377
Starting A* with Manhattan heuristic from node 3278357811 to node 1962448454
A* Manhattan terminato in 12689 iterazioni
total_cost_Astar: 678.1063980400503
Start: 3278357811, End: 1962448454, Cost: 678.106398, Iterations: 12689
Starting A* with Manhattan heuristic from node 823503948 to node 7153309995
A* Manhattan terminato in 3013 iterazioni
total_cost_Astar: 318.4021234326766
Start: 823503948, End: 7153309995, Cost: 318.402123, Iterations: 3013
Starting A* with Manhattan heuristic from node 1843752352 to node 4558140498
A* Manhattan terminato in 43710 iterazioni
total_cost_Astar: 1078.3871790745625
Start: 1843752352, End: 4558140498, Cost: 1078.387179, Iterations: 43710
AVG_ITERATIONS_ASTAR_Turin, Piedmont, Italy_Manhattan: 14236.70
AVG_COST_ASTAR_Turin, Piedmont, Italy_Manhattan: 509.117830
AVG_DISTANCE_ASTAR_Turin, Piedmont, Italy_Manhattan: 33.04
Starting A* with Manhattan heuristic from node 495029555 to node 822630731
A* Manhattan terminato in 30601 iterazioni
total_cost_Astar: 607.4507339146076
Starting A* with Manhattan heuristic from node 9799987948 to node 4106581809
A* Manhattan terminato in 13268 iterazioni
total_cost_Astar: 568.3141093822848
Starting A* with Manhattan heuristic from node 2810831126 to node 752445435
A* Manhattan terminato in 9455 iterazioni
total_cost_Astar: 412.1282109333017
Starting A* with Manhattan heuristic from node 473132378 to node 4562377734
A* Manhattan terminato in 11528 iterazioni
total_cost_Astar: 291.2200393756516
Starting A* with Manhattan heuristic from node 441926176 to node 249569823
A* Manhattan terminato in 5352 iterazioni
total_cost_Astar: 134.9101566962501
Starting A* with Manhattan heuristic from node 1075365161 to node 973862254
A* Manhattan terminato in 9374 iterazioni
total_cost_Astar: 708.6823270807731
Starting A* with Manhattan heuristic from node 457509282 to node 2645172744
A* Manhattan terminato in 3377 iterazioni
total_cost_Astar: 293.57702188245514
Starting A* with Manhattan heuristic from node 3278357811 to node 1962448454
A* Manhattan terminato in 12689 iterazioni
total_cost_Astar: 678.1063980400503
Starting A* with Manhattan heuristic from node 823503948 to node 7153309995
A* Manhattan terminato in 3013 iterazioni
total_cost_Astar: 318.4021234326766
Starting A* with Manhattan heuristic from node 1843752352 to node 4558140498
A* Manhattan terminato in 43710 iterazioni
total_cost_Astar: 1078.3871790745625
Executing A* with heuristic: Euclidean
Starting A* with Euclidean heuristic from node 495029555 to node 822630731
A* Euclidean terminato in 37468 iterazioni
total_cost_Astar: 607.4507339146076
Start: 495029555, End: 822630731, Cost: 607.450734, Iterations: 37468
Starting A* with Euclidean heuristic from node 9799987948 to node 4106581809
A* Euclidean terminato in 17902 iterazioni
total_cost_Astar: 568.3141093822848
Start: 9799987948, End: 4106581809, Cost: 568.314109, Iterations: 17902
Starting A* with Euclidean heuristic from node 2810831126 to node 752445435
A* Euclidean terminato in 11284 iterazioni
total_cost_Astar: 412.1282109333017
Start: 2810831126, End: 752445435, Cost: 412.128211, Iterations: 11284
Starting A* with Euclidean heuristic from node 473132378 to node 4562377734
A* Euclidean terminato in 14889 iterazioni
total_cost_Astar: 291.2200393756516
Start: 473132378, End: 4562377734, Cost: 291.220039, Iterations: 14889
Starting A* with Euclidean heuristic from node 441926176 to node 249569823
A* Euclidean terminato in 6250 iterazioni
total_cost_Astar: 134.9101566962501
Start: 441926176, End: 249569823, Cost: 134.910157, Iterations: 6250
Starting A* with Euclidean heuristic from node 1075365161 to node 973862254
A* Euclidean terminato in 10798 iterazioni
total_cost_Astar: 708.6823270807731
Start: 1075365161, End: 973862254, Cost: 708.682327, Iterations: 10798
Starting A* with Euclidean heuristic from node 457509282 to node 2645172744
A* Euclidean terminato in 4422 iterazioni
total_cost_Astar: 293.57702188245514
Start: 457509282, End: 2645172744, Cost: 293.577022, Iterations: 4422
Starting A* with Euclidean heuristic from node 3278357811 to node 1962448454
A* Euclidean terminato in 14791 iterazioni
total_cost_Astar: 678.1063980400503
Start: 3278357811, End: 1962448454, Cost: 678.106398, Iterations: 14791
Starting A* with Euclidean heuristic from node 823503948 to node 7153309995
A* Euclidean terminato in 3905 iterazioni
total_cost_Astar: 318.4021234326766
Start: 823503948, End: 7153309995, Cost: 318.402123, Iterations: 3905
Starting A* with Euclidean heuristic from node 1843752352 to node 4558140498
A* Euclidean terminato in 46260 iterazioni
total_cost_Astar: 1078.3871790745625
Start: 1843752352, End: 4558140498, Cost: 1078.387179, Iterations: 46260
AVG_ITERATIONS_ASTAR_Turin, Piedmont, Italy_Euclidean: 16796.90
AVG_COST_ASTAR_Turin, Piedmont, Italy_Euclidean: 509.117830
AVG_DISTANCE_ASTAR_Turin, Piedmont, Italy_Euclidean: 33.04
Starting A* with Euclidean heuristic from node 495029555 to node 822630731
A* Euclidean terminato in 37468 iterazioni
total_cost_Astar: 607.4507339146076
Starting A* with Euclidean heuristic from node 9799987948 to node 4106581809
A* Euclidean terminato in 17902 iterazioni
total_cost_Astar: 568.3141093822848
Starting A* with Euclidean heuristic from node 2810831126 to node 752445435
A* Euclidean terminato in 11284 iterazioni
total_cost_Astar: 412.1282109333017
Starting A* with Euclidean heuristic from node 473132378 to node 4562377734
A* Euclidean terminato in 14889 iterazioni
total_cost_Astar: 291.2200393756516
Starting A* with Euclidean heuristic from node 441926176 to node 249569823
A* Euclidean terminato in 6250 iterazioni
total_cost_Astar: 134.9101566962501
Starting A* with Euclidean heuristic from node 1075365161 to node 973862254
A* Euclidean terminato in 10798 iterazioni
total_cost_Astar: 708.6823270807731
Starting A* with Euclidean heuristic from node 457509282 to node 2645172744
A* Euclidean terminato in 4422 iterazioni
total_cost_Astar: 293.57702188245514
Starting A* with Euclidean heuristic from node 3278357811 to node 1962448454
A* Euclidean terminato in 14791 iterazioni
total_cost_Astar: 678.1063980400503
Starting A* with Euclidean heuristic from node 823503948 to node 7153309995
A* Euclidean terminato in 3905 iterazioni
total_cost_Astar: 318.4021234326766
Starting A* with Euclidean heuristic from node 1843752352 to node 4558140498
A* Euclidean terminato in 46260 iterazioni
total_cost_Astar: 1078.3871790745625
Executing A* with heuristic: Haversine
Starting A* with Haversine heuristic from node 495029555 to node 822630731
A* Haversine terminato in 37468 iterazioni
total_cost_Astar: 607.4507339146076
Start: 495029555, End: 822630731, Cost: 607.450734, Iterations: 37468
Starting A* with Haversine heuristic from node 9799987948 to node 4106581809
A* Haversine terminato in 17902 iterazioni
total_cost_Astar: 568.3141093822848
Start: 9799987948, End: 4106581809, Cost: 568.314109, Iterations: 17902
Starting A* with Haversine heuristic from node 2810831126 to node 752445435
A* Haversine terminato in 11284 iterazioni
total_cost_Astar: 412.1282109333017
Start: 2810831126, End: 752445435, Cost: 412.128211, Iterations: 11284
Starting A* with Haversine heuristic from node 473132378 to node 4562377734
A* Haversine terminato in 14889 iterazioni
total_cost_Astar: 291.2200393756516
Start: 473132378, End: 4562377734, Cost: 291.220039, Iterations: 14889
Starting A* with Haversine heuristic from node 441926176 to node 249569823
A* Haversine terminato in 6250 iterazioni
total_cost_Astar: 134.9101566962501
Start: 441926176, End: 249569823, Cost: 134.910157, Iterations: 6250
Starting A* with Haversine heuristic from node 1075365161 to node 973862254
A* Haversine terminato in 10798 iterazioni
total_cost_Astar: 708.6823270807731
Start: 1075365161, End: 973862254, Cost: 708.682327, Iterations: 10798
Starting A* with Haversine heuristic from node 457509282 to node 2645172744
A* Haversine terminato in 4422 iterazioni
total_cost_Astar: 293.57702188245514
Start: 457509282, End: 2645172744, Cost: 293.577022, Iterations: 4422
Starting A* with Haversine heuristic from node 3278357811 to node 1962448454
A* Haversine terminato in 14791 iterazioni
total_cost_Astar: 678.1063980400503
Start: 3278357811, End: 1962448454, Cost: 678.106398, Iterations: 14791
Starting A* with Haversine heuristic from node 823503948 to node 7153309995
A* Haversine terminato in 3905 iterazioni
total_cost_Astar: 318.4021234326766
Start: 823503948, End: 7153309995, Cost: 318.402123, Iterations: 3905
Starting A* with Haversine heuristic from node 1843752352 to node 4558140498
A* Haversine terminato in 46260 iterazioni
total_cost_Astar: 1078.3871790745625
Start: 1843752352, End: 4558140498, Cost: 1078.387179, Iterations: 46260
AVG_ITERATIONS_ASTAR_Turin, Piedmont, Italy_Haversine: 16796.90
AVG_COST_ASTAR_Turin, Piedmont, Italy_Haversine: 509.117830
AVG_DISTANCE_ASTAR_Turin, Piedmont, Italy_Haversine: 33.04
Starting A* with Haversine heuristic from node 495029555 to node 822630731
A* Haversine terminato in 37468 iterazioni
total_cost_Astar: 607.4507339146076
Starting A* with Haversine heuristic from node 9799987948 to node 4106581809
A* Haversine terminato in 17902 iterazioni
total_cost_Astar: 568.3141093822848
Starting A* with Haversine heuristic from node 2810831126 to node 752445435
A* Haversine terminato in 11284 iterazioni
total_cost_Astar: 412.1282109333017
Starting A* with Haversine heuristic from node 473132378 to node 4562377734
A* Haversine terminato in 14889 iterazioni
total_cost_Astar: 291.2200393756516
Starting A* with Haversine heuristic from node 441926176 to node 249569823
A* Haversine terminato in 6250 iterazioni
total_cost_Astar: 134.9101566962501
Starting A* with Haversine heuristic from node 1075365161 to node 973862254
A* Haversine terminato in 10798 iterazioni
total_cost_Astar: 708.6823270807731
Starting A* with Haversine heuristic from node 457509282 to node 2645172744
A* Haversine terminato in 4422 iterazioni
total_cost_Astar: 293.57702188245514
Starting A* with Haversine heuristic from node 3278357811 to node 1962448454
A* Haversine terminato in 14791 iterazioni
total_cost_Astar: 678.1063980400503
Starting A* with Haversine heuristic from node 823503948 to node 7153309995
A* Haversine terminato in 3905 iterazioni
total_cost_Astar: 318.4021234326766
Starting A* with Haversine heuristic from node 1843752352 to node 4558140498
A* Haversine terminato in 46260 iterazioni
total_cost_Astar: 1078.3871790745625

--- Analysis for: Aosta, Aosta, Italy ---
Executing A* with heuristic: Manhattan
Starting A* with Manhattan heuristic from node 1741792501 to node 1262267449
A* Manhattan terminato in 102 iterazioni
total_cost_Astar: 174.4967305729454
Start: 1741792501, End: 1262267449, Cost: 174.496731, Iterations: 102
Starting A* with Manhattan heuristic from node 1743445882 to node 2014356988
A* Manhattan terminato in 175 iterazioni
total_cost_Astar: 134.24740170260995
Start: 1743445882, End: 2014356988, Cost: 134.247402, Iterations: 175
Starting A* with Manhattan heuristic from node 1367784634 to node 278913383
A* Manhattan terminato in 40 iterazioni
total_cost_Astar: 21.790899954229296
Start: 1367784634, End: 278913383, Cost: 21.790900, Iterations: 40
Starting A* with Manhattan heuristic from node 9980206475 to node 340277537
A* Manhattan terminato in 37 iterazioni
total_cost_Astar: 57.323081336830555
Start: 9980206475, End: 340277537, Cost: 57.323081, Iterations: 37
Starting A* with Manhattan heuristic from node 3796728576 to node 1743339183
A* Manhattan terminato in 640 iterazioni
total_cost_Astar: 159.47780348918323
Start: 3796728576, End: 1743339183, Cost: 159.477803, Iterations: 640
Starting A* with Manhattan heuristic from node 1741154960 to node 1367784634
A* Manhattan terminato in 56 iterazioni
total_cost_Astar: 20.942417812984104
Start: 1741154960, End: 1367784634, Cost: 20.942418, Iterations: 56
Starting A* with Manhattan heuristic from node 330605325 to node 1035811044
A* Manhattan terminato in 339 iterazioni
total_cost_Astar: 160.12887078826193
Start: 330605325, End: 1035811044, Cost: 160.128871, Iterations: 339
Starting A* with Manhattan heuristic from node 9980206509 to node 1741154586
A* Manhattan terminato in 99 iterazioni
total_cost_Astar: 65.55462373854
Start: 9980206509, End: 1741154586, Cost: 65.554624, Iterations: 99
Starting A* with Manhattan heuristic from node 307684204 to node 307681222
A* Manhattan terminato in 49 iterazioni
total_cost_Astar: 38.49327552872751
Start: 307684204, End: 307681222, Cost: 38.493276, Iterations: 49
Starting A* with Manhattan heuristic from node 1741787950 to node 307681300
A* Manhattan terminato in 67 iterazioni
total_cost_Astar: 53.81137561946772
Start: 1741787950, End: 307681300, Cost: 53.811376, Iterations: 67
AVG_ITERATIONS_ASTAR_Aosta, Aosta, Italy_Manhattan: 160.40
AVG_COST_ASTAR_Aosta, Aosta, Italy_Manhattan: 88.626648
AVG_DISTANCE_ASTAR_Aosta, Aosta, Italy_Manhattan: 4.39
Starting A* with Manhattan heuristic from node 1741792501 to node 1262267449
A* Manhattan terminato in 102 iterazioni
total_cost_Astar: 174.4967305729454
Starting A* with Manhattan heuristic from node 1743445882 to node 2014356988
A* Manhattan terminato in 175 iterazioni
total_cost_Astar: 134.24740170260995
Starting A* with Manhattan heuristic from node 1367784634 to node 278913383
A* Manhattan terminato in 40 iterazioni
total_cost_Astar: 21.790899954229296
Starting A* with Manhattan heuristic from node 9980206475 to node 340277537
A* Manhattan terminato in 37 iterazioni
total_cost_Astar: 57.323081336830555
Starting A* with Manhattan heuristic from node 3796728576 to node 1743339183
A* Manhattan terminato in 640 iterazioni
total_cost_Astar: 159.47780348918323
Starting A* with Manhattan heuristic from node 1741154960 to node 1367784634
A* Manhattan terminato in 56 iterazioni
total_cost_Astar: 20.942417812984104
Starting A* with Manhattan heuristic from node 330605325 to node 1035811044
A* Manhattan terminato in 339 iterazioni
total_cost_Astar: 160.12887078826193
Starting A* with Manhattan heuristic from node 9980206509 to node 1741154586
A* Manhattan terminato in 99 iterazioni
total_cost_Astar: 65.55462373854
Starting A* with Manhattan heuristic from node 307684204 to node 307681222
A* Manhattan terminato in 49 iterazioni
total_cost_Astar: 38.49327552872751
Starting A* with Manhattan heuristic from node 1741787950 to node 307681300
A* Manhattan terminato in 67 iterazioni
total_cost_Astar: 53.81137561946772
Executing A* with heuristic: Euclidean
Starting A* with Euclidean heuristic from node 1741792501 to node 1262267449
A* Euclidean terminato in 146 iterazioni
total_cost_Astar: 174.4967305729454
Start: 1741792501, End: 1262267449, Cost: 174.496731, Iterations: 146
Starting A* with Euclidean heuristic from node 1743445882 to node 2014356988
A* Euclidean terminato in 396 iterazioni
total_cost_Astar: 133.06692214104888
Start: 1743445882, End: 2014356988, Cost: 133.066922, Iterations: 396
Starting A* with Euclidean heuristic from node 1367784634 to node 278913383
A* Euclidean terminato in 41 iterazioni
total_cost_Astar: 21.790899954229296
Start: 1367784634, End: 278913383, Cost: 21.790900, Iterations: 41
Starting A* with Euclidean heuristic from node 9980206475 to node 340277537
A* Euclidean terminato in 133 iterazioni
total_cost_Astar: 55.88976574007174
Start: 9980206475, End: 340277537, Cost: 55.889766, Iterations: 133
Starting A* with Euclidean heuristic from node 3796728576 to node 1743339183
A* Euclidean terminato in 721 iterazioni
total_cost_Astar: 159.47780348918323
Start: 3796728576, End: 1743339183, Cost: 159.477803, Iterations: 721
Starting A* with Euclidean heuristic from node 1741154960 to node 1367784634
A* Euclidean terminato in 72 iterazioni
total_cost_Astar: 20.942417812984104
Start: 1741154960, End: 1367784634, Cost: 20.942418, Iterations: 72
Starting A* with Euclidean heuristic from node 330605325 to node 1035811044
A* Euclidean terminato in 387 iterazioni
total_cost_Astar: 159.34122266670676
Start: 330605325, End: 1035811044, Cost: 159.341223, Iterations: 387
Starting A* with Euclidean heuristic from node 9980206509 to node 1741154586
A* Euclidean terminato in 283 iterazioni
total_cost_Astar: 64.4441754492926
Start: 9980206509, End: 1741154586, Cost: 64.444175, Iterations: 283
Starting A* with Euclidean heuristic from node 307684204 to node 307681222
A* Euclidean terminato in 81 iterazioni
total_cost_Astar: 38.49327552872751
Start: 307684204, End: 307681222, Cost: 38.493276, Iterations: 81
Starting A* with Euclidean heuristic from node 1741787950 to node 307681300
A* Euclidean terminato in 145 iterazioni
total_cost_Astar: 53.81137561946772
Start: 1741787950, End: 307681300, Cost: 53.811376, Iterations: 145
AVG_ITERATIONS_ASTAR_Aosta, Aosta, Italy_Euclidean: 240.50
AVG_COST_ASTAR_Aosta, Aosta, Italy_Euclidean: 88.175459
AVG_DISTANCE_ASTAR_Aosta, Aosta, Italy_Euclidean: 4.38
Starting A* with Euclidean heuristic from node 1741792501 to node 1262267449
A* Euclidean terminato in 146 iterazioni
total_cost_Astar: 174.4967305729454
Starting A* with Euclidean heuristic from node 1743445882 to node 2014356988
A* Euclidean terminato in 396 iterazioni
total_cost_Astar: 133.06692214104888
Starting A* with Euclidean heuristic from node 1367784634 to node 278913383
A* Euclidean terminato in 41 iterazioni
total_cost_Astar: 21.790899954229296
Starting A* with Euclidean heuristic from node 9980206475 to node 340277537
A* Euclidean terminato in 133 iterazioni
total_cost_Astar: 55.88976574007174
Starting A* with Euclidean heuristic from node 3796728576 to node 1743339183
A* Euclidean terminato in 721 iterazioni
total_cost_Astar: 159.47780348918323
Starting A* with Euclidean heuristic from node 1741154960 to node 1367784634
A* Euclidean terminato in 72 iterazioni
total_cost_Astar: 20.942417812984104
Starting A* with Euclidean heuristic from node 330605325 to node 1035811044
A* Euclidean terminato in 387 iterazioni
total_cost_Astar: 159.34122266670676
Starting A* with Euclidean heuristic from node 9980206509 to node 1741154586
A* Euclidean terminato in 283 iterazioni
total_cost_Astar: 64.4441754492926
Starting A* with Euclidean heuristic from node 307684204 to node 307681222
A* Euclidean terminato in 81 iterazioni
total_cost_Astar: 38.49327552872751
Starting A* with Euclidean heuristic from node 1741787950 to node 307681300
A* Euclidean terminato in 145 iterazioni
total_cost_Astar: 53.81137561946772
Executing A* with heuristic: Haversine
Starting A* with Haversine heuristic from node 1741792501 to node 1262267449
A* Haversine terminato in 146 iterazioni
total_cost_Astar: 174.4967305729454
Start: 1741792501, End: 1262267449, Cost: 174.496731, Iterations: 146
Starting A* with Haversine heuristic from node 1743445882 to node 2014356988
A* Haversine terminato in 396 iterazioni
total_cost_Astar: 133.06692214104888
Start: 1743445882, End: 2014356988, Cost: 133.066922, Iterations: 396
Starting A* with Haversine heuristic from node 1367784634 to node 278913383
A* Haversine terminato in 41 iterazioni
total_cost_Astar: 21.790899954229296
Start: 1367784634, End: 278913383, Cost: 21.790900, Iterations: 41
Starting A* with Haversine heuristic from node 9980206475 to node 340277537
A* Haversine terminato in 133 iterazioni
total_cost_Astar: 55.88976574007174
Start: 9980206475, End: 340277537, Cost: 55.889766, Iterations: 133
Starting A* with Haversine heuristic from node 3796728576 to node 1743339183
A* Haversine terminato in 721 iterazioni
total_cost_Astar: 159.47780348918323
Start: 3796728576, End: 1743339183, Cost: 159.477803, Iterations: 721
Starting A* with Haversine heuristic from node 1741154960 to node 1367784634
A* Haversine terminato in 72 iterazioni
total_cost_Astar: 20.942417812984104
Start: 1741154960, End: 1367784634, Cost: 20.942418, Iterations: 72
Starting A* with Haversine heuristic from node 330605325 to node 1035811044
A* Haversine terminato in 387 iterazioni
total_cost_Astar: 159.34122266670676
Start: 330605325, End: 1035811044, Cost: 159.341223, Iterations: 387
Starting A* with Haversine heuristic from node 9980206509 to node 1741154586
A* Haversine terminato in 283 iterazioni
total_cost_Astar: 64.4441754492926
Start: 9980206509, End: 1741154586, Cost: 64.444175, Iterations: 283
Starting A* with Haversine heuristic from node 307684204 to node 307681222
A* Haversine terminato in 81 iterazioni
total_cost_Astar: 38.49327552872751
Start: 307684204, End: 307681222, Cost: 38.493276, Iterations: 81
Starting A* with Haversine heuristic from node 1741787950 to node 307681300
A* Haversine terminato in 145 iterazioni
total_cost_Astar: 53.81137561946772
Start: 1741787950, End: 307681300, Cost: 53.811376, Iterations: 145
AVG_ITERATIONS_ASTAR_Aosta, Aosta, Italy_Haversine: 240.50
AVG_COST_ASTAR_Aosta, Aosta, Italy_Haversine: 88.175459
AVG_DISTANCE_ASTAR_Aosta, Aosta, Italy_Haversine: 4.38
Starting A* with Haversine heuristic from node 1741792501 to node 1262267449
A* Haversine terminato in 146 iterazioni
total_cost_Astar: 174.4967305729454
Starting A* with Haversine heuristic from node 1743445882 to node 2014356988
A* Haversine terminato in 396 iterazioni
total_cost_Astar: 133.06692214104888
Starting A* with Haversine heuristic from node 1367784634 to node 278913383
A* Haversine terminato in 41 iterazioni
total_cost_Astar: 21.790899954229296
Starting A* with Haversine heuristic from node 9980206475 to node 340277537
A* Haversine terminato in 133 iterazioni
total_cost_Astar: 55.88976574007174
Starting A* with Haversine heuristic from node 3796728576 to node 1743339183
A* Haversine terminato in 721 iterazioni
total_cost_Astar: 159.47780348918323
Starting A* with Haversine heuristic from node 1741154960 to node 1367784634
A* Haversine terminato in 72 iterazioni
total_cost_Astar: 20.942417812984104
Starting A* with Haversine heuristic from node 330605325 to node 1035811044
A* Haversine terminato in 387 iterazioni
total_cost_Astar: 159.34122266670676
Starting A* with Haversine heuristic from node 9980206509 to node 1741154586
A* Haversine terminato in 283 iterazioni
total_cost_Astar: 64.4441754492926
Starting A* with Haversine heuristic from node 307684204 to node 307681222
A* Haversine terminato in 81 iterazioni
total_cost_Astar: 38.49327552872751
Starting A* with Haversine heuristic from node 1741787950 to node 307681300
A* Haversine terminato in 145 iterazioni
total_cost_Astar: 53.81137561946772

Simulazione A* completata.
